app/build/intermediates/manifest_merge_blame_file/debug/manifest-merger-blame-debug-report.txt
1<?xml version="1.0" encoding="utf-8"?>
2<manifest xmlns:android="http://schemas.android.com/apk/res/android"
3    package="com.example.j_idetect"
4    android:versionCode="1"
5    android:versionName="1.0" >
6
7    <uses-sdk
8        android:minSdkVersion="23"
8-->src\main\AndroidManifest.xml
9        android:targetSdkVersion="32" />
9-->src\main\AndroidManifest.xml
10
11    <uses-permission android:name="android.permission.CAMERA" />
11-->src\main\AndroidManifest.xml:5:5-65
11-->src\main\AndroidManifest.xml:5:22-62
12    <uses-permission android:name="android.permission.INTERNET" />
12-->src\main\AndroidManifest.xml:6:5-67
12-->src\main\AndroidManifest.xml:6:22-64
13    <uses-permission android:name="android.permission.WRITE_EXTERNAL_STORAGE" />
13-->src\main\AndroidManifest.xml:7:5-81
13-->src\main\AndroidManifest.xml:7:22-78
14    <uses-permission android:name="android.permission.MANAGE_EXTERNAL_STORAGE" />
14-->src\main\AndroidManifest.xml:8:5-82
14-->src\main\AndroidManifest.xml:8:22-79
15
16    <!-- Although the *SdkVersion is captured in gradle build files, this is required for non gradle builds -->
17    <!-- <uses-sdk android:minSdkVersion="14"/> -->
18    <uses-permission android:name="android.permission.ACCESS_NETWORK_STATE" />
18-->[com.google.firebase:firebase-database:20.1.0] AndroidManifest.xml:24:5-79
18-->[com.google.firebase:firebase-database:20.1.0] AndroidManifest.xml:24:22-76
19    <uses-permission android:name="android.permission.WAKE_LOCK" /> <!-- Required by older versions of Google Play services to create IID tokens -->
19-->[com.google.firebase:firebase-iid:20.0.1] AndroidManifest.xml:24:5-68
19-->[com.google.firebase:firebase-iid:20.0.1] AndroidManifest.xml:24:22-65
20    <uses-permission android:name="com.google.android.c2dm.permission.RECEIVE" />
20-->[com.google.firebase:firebase-iid:20.0.1] AndroidManifest.xml:26:5-82
20-->[com.google.firebase:firebase-iid:20.0.1] AndroidManifest.xml:26:22-79
21    <uses-permission android:name="com.google.android.gms.permission.AD_ID" />
21-->[com.google.android.gms:play-services-measurement-api:21.1.1] AndroidManifest.xml:25:5-79
21-->[com.google.android.gms:play-services-measurement-api:21.1.1] AndroidManifest.xml:25:22-76
22    <uses-permission android:name="com.google.android.finsky.permission.BIND_GET_INSTALL_REFERRER_SERVICE" />
22-->[com.google.android.gms:play-services-measurement:21.1.1] AndroidManifest.xml:26:5-110
22-->[com.google.android.gms:play-services-measurement:21.1.1] AndroidManifest.xml:26:22-107
23
24    <application
24-->src\main\AndroidManifest.xml:10:5-534:19
25        android:allowBackup="true"
25-->src\main\AndroidManifest.xml:11:9-35
26        android:appComponentFactory="androidx.core.app.CoreComponentFactory"
26-->[androidx.core:core:1.8.0] AndroidManifest.xml:24:18-86
27        android:dataExtractionRules="@xml/data_extraction_rules"
27-->src\main\AndroidManifest.xml:12:9-65
28        android:debuggable="true"
29        android:extractNativeLibs="false"
30        android:fullBackupContent="@xml/backup_rules"
30-->src\main\AndroidManifest.xml:13:9-54
31        android:icon="@drawable/logo"
31-->src\main\AndroidManifest.xml:14:9-38
32        android:label="@string/app_name"
32-->src\main\AndroidManifest.xml:15:9-41
33        android:requestLegacyExternalStorage="true"
33-->src\main\AndroidManifest.xml:16:9-52
34        android:roundIcon="@drawable/logo"
34-->src\main\AndroidManifest.xml:17:9-43
35        android:supportsRtl="true"
35-->src\main\AndroidManifest.xml:18:9-35
36        android:theme="@style/Theme.AppCompat.DayNight.NoActionBar" >
36-->src\main\AndroidManifest.xml:19:9-68
37        <provider
38            android:name="androidx.core.content.FileProvider"
38-->src\main\AndroidManifest.xml:22:13-62
39            android:authorities="com.example.j_idetect.provider"
39-->src\main\AndroidManifest.xml:23:13-60
40            android:exported="false"
40-->src\main\AndroidManifest.xml:24:13-37
41            android:grantUriPermissions="true" >
41-->src\main\AndroidManifest.xml:25:13-47
42            <meta-data
42-->src\main\AndroidManifest.xml:26:13-28:57
43                android:name="android.support.FILE_PROVIDER_PATHS"
43-->src\main\AndroidManifest.xml:27:17-67
44                android:resource="@xml/provider_paths" />
44-->src\main\AndroidManifest.xml:28:17-55
45        </provider>
46
47        <activity
47-->src\main\AndroidManifest.xml:30:9-38:20
48            android:name="com.example.j_idetect.RESULT03"
48-->src\main\AndroidManifest.xml:31:13-37
49            android:exported="false"
49-->src\main\AndroidManifest.xml:32:13-37
50            android:screenOrientation="portrait"
50-->src\main\AndroidManifest.xml:33:13-49
51            android:theme="@style/Theme.AppCompat.Light.NoActionBar" >
51-->src\main\AndroidManifest.xml:34:13-69
52            <meta-data
52-->src\main\AndroidManifest.xml:35:13-37:36
53                android:name="android.app.lib_name"
53-->src\main\AndroidManifest.xml:36:17-52
54                android:value="" />
54-->src\main\AndroidManifest.xml:37:17-33
55        </activity>
56        <activity
56-->src\main\AndroidManifest.xml:39:9-46:20
57            android:name="com.example.j_idetect.TEST0310"
57-->src\main\AndroidManifest.xml:40:13-37
58            android:exported="false"
58-->src\main\AndroidManifest.xml:41:13-37
59            android:screenOrientation="portrait" >
59-->src\main\AndroidManifest.xml:42:13-49
60            <meta-data
60-->src\main\AndroidManifest.xml:35:13-37:36
61                android:name="android.app.lib_name"
61-->src\main\AndroidManifest.xml:36:17-52
62                android:value="" />
62-->src\main\AndroidManifest.xml:37:17-33
63        </activity>
64        <activity
64-->src\main\AndroidManifest.xml:47:9-54:20
65            android:name="com.example.j_idetect.TEST039"
65-->src\main\AndroidManifest.xml:48:13-36
66            android:exported="false"
66-->src\main\AndroidManifest.xml:49:13-37
67            android:screenOrientation="portrait" >
67-->src\main\AndroidManifest.xml:50:13-49
68            <meta-data
68-->src\main\AndroidManifest.xml:35:13-37:36
69                android:name="android.app.lib_name"
69-->src\main\AndroidManifest.xml:36:17-52
70                android:value="" />
70-->src\main\AndroidManifest.xml:37:17-33
71        </activity>
72        <activity
72-->src\main\AndroidManifest.xml:55:9-62:20
73            android:name="com.example.j_idetect.TEST038"
73-->src\main\AndroidManifest.xml:56:13-36
74            android:exported="false"
74-->src\main\AndroidManifest.xml:57:13-37
75            android:screenOrientation="portrait" >
75-->src\main\AndroidManifest.xml:58:13-49
76            <meta-data
76-->src\main\AndroidManifest.xml:35:13-37:36
77                android:name="android.app.lib_name"
77-->src\main\AndroidManifest.xml:36:17-52
78                android:value="" />
78-->src\main\AndroidManifest.xml:37:17-33
79        </activity>
80        <activity
80-->src\main\AndroidManifest.xml:63:9-70:20
81            android:name="com.example.j_idetect.TEST037"
81-->src\main\AndroidManifest.xml:64:13-36
82            android:exported="false"
82-->src\main\AndroidManifest.xml:65:13-37
83            android:screenOrientation="portrait" >
83-->src\main\AndroidManifest.xml:66:13-49
84            <meta-data
84-->src\main\AndroidManifest.xml:35:13-37:36
85                android:name="android.app.lib_name"
85-->src\main\AndroidManifest.xml:36:17-52
86                android:value="" />
86-->src\main\AndroidManifest.xml:37:17-33
87        </activity>
88        <activity
88-->src\main\AndroidManifest.xml:71:9-78:20
89            android:name="com.example.j_idetect.TEST036"
89-->src\main\AndroidManifest.xml:72:13-36
90            android:exported="false"
90-->src\main\AndroidManifest.xml:73:13-37
91            android:screenOrientation="portrait" >
91-->src\main\AndroidManifest.xml:74:13-49
92            <meta-data
92-->src\main\AndroidManifest.xml:35:13-37:36
93                android:name="android.app.lib_name"
93-->src\main\AndroidManifest.xml:36:17-52
94                android:value="" />
94-->src\main\AndroidManifest.xml:37:17-33
95        </activity>
96        <activity
96-->src\main\AndroidManifest.xml:79:9-86:20
97            android:name="com.example.j_idetect.TEST035"
97-->src\main\AndroidManifest.xml:80:13-36
98            android:exported="false"
98-->src\main\AndroidManifest.xml:81:13-37
99            android:screenOrientation="portrait" >
99-->src\main\AndroidManifest.xml:82:13-49
100            <meta-data
100-->src\main\AndroidManifest.xml:35:13-37:36
101                android:name="android.app.lib_name"
101-->src\main\AndroidManifest.xml:36:17-52
102                android:value="" />
102-->src\main\AndroidManifest.xml:37:17-33
103        </activity>
104        <activity
104-->src\main\AndroidManifest.xml:87:9-94:20
105            android:name="com.example.j_idetect.TEST034"
105-->src\main\AndroidManifest.xml:88:13-36
106            android:exported="false"
106-->src\main\AndroidManifest.xml:89:13-37
107            android:screenOrientation="portrait" >
107-->src\main\AndroidManifest.xml:90:13-49
108            <meta-data
108-->src\main\AndroidManifest.xml:35:13-37:36
109                android:name="android.app.lib_name"
109-->src\main\AndroidManifest.xml:36:17-52
110                android:value="" />
110-->src\main\AndroidManifest.xml:37:17-33
111        </activity>
112        <activity
112-->src\main\AndroidManifest.xml:95:9-102:20
113            android:name="com.example.j_idetect.TEST033"
113-->src\main\AndroidManifest.xml:96:13-36
114            android:exported="false"
114-->src\main\AndroidManifest.xml:97:13-37
115            android:screenOrientation="portrait" >
115-->src\main\AndroidManifest.xml:98:13-49
116            <meta-data
116-->src\main\AndroidManifest.xml:35:13-37:36
117                android:name="android.app.lib_name"
117-->src\main\AndroidManifest.xml:36:17-52
118                android:value="" />
118-->src\main\AndroidManifest.xml:37:17-33
119        </activity>
120        <activity
120-->src\main\AndroidManifest.xml:103:9-110:20
121            android:name="com.example.j_idetect.TEST032"
121-->src\main\AndroidManifest.xml:104:13-36
122            android:exported="false"
122-->src\main\AndroidManifest.xml:105:13-37
123            android:screenOrientation="portrait" >
123-->src\main\AndroidManifest.xml:106:13-49
124            <meta-data
124-->src\main\AndroidManifest.xml:35:13-37:36
125                android:name="android.app.lib_name"
125-->src\main\AndroidManifest.xml:36:17-52
126                android:value="" />
126-->src\main\AndroidManifest.xml:37:17-33
127        </activity>
128        <activity
128-->src\main\AndroidManifest.xml:111:9-119:20
129            android:name="com.example.j_idetect.TEST031"
129-->src\main\AndroidManifest.xml:112:13-36
130            android:exported="false"
130-->src\main\AndroidManifest.xml:113:13-37
131            android:screenOrientation="portrait" >
131-->src\main\AndroidManifest.xml:114:13-49
132            <meta-data
132-->src\main\AndroidManifest.xml:35:13-37:36
133                android:name="android.app.lib_name"
133-->src\main\AndroidManifest.xml:36:17-52
134                android:value="" />
134-->src\main\AndroidManifest.xml:37:17-33
135        </activity>
136        <activity
136-->src\main\AndroidManifest.xml:120:9-128:20
137            android:name="com.example.j_idetect.TEST03"
137-->src\main\AndroidManifest.xml:121:13-35
138            android:exported="false"
138-->src\main\AndroidManifest.xml:122:13-37
139            android:screenOrientation="portrait"
139-->src\main\AndroidManifest.xml:123:13-49
140            android:theme="@style/Theme.AppCompat.Light.NoActionBar" >
140-->src\main\AndroidManifest.xml:124:13-69
141            <meta-data
141-->src\main\AndroidManifest.xml:35:13-37:36
142                android:name="android.app.lib_name"
142-->src\main\AndroidManifest.xml:36:17-52
143                android:value="" />
143-->src\main\AndroidManifest.xml:37:17-33
144        </activity>
145        <activity
145-->src\main\AndroidManifest.xml:129:9-137:20
146            android:name="com.example.j_idetect.RESULT02"
146-->src\main\AndroidManifest.xml:130:13-37
147            android:exported="false"
147-->src\main\AndroidManifest.xml:131:13-37
148            android:screenOrientation="portrait"
148-->src\main\AndroidManifest.xml:132:13-49
149            android:theme="@style/Theme.AppCompat.Light.NoActionBar" >
149-->src\main\AndroidManifest.xml:133:13-69
150            <meta-data
150-->src\main\AndroidManifest.xml:35:13-37:36
151                android:name="android.app.lib_name"
151-->src\main\AndroidManifest.xml:36:17-52
152                android:value="" />
152-->src\main\AndroidManifest.xml:37:17-33
153        </activity>
154        <activity
154-->src\main\AndroidManifest.xml:138:9-146:20
155            android:name="com.example.j_idetect.RESULT01"
155-->src\main\AndroidManifest.xml:139:13-37
156            android:exported="false"
156-->src\main\AndroidManifest.xml:140:13-37
157            android:screenOrientation="portrait"
157-->src\main\AndroidManifest.xml:141:13-49
158            android:theme="@style/Theme.AppCompat.Light.NoActionBar" >
158-->src\main\AndroidManifest.xml:142:13-69
159            <meta-data
159-->src\main\AndroidManifest.xml:35:13-37:36
160                android:name="android.app.lib_name"
160-->src\main\AndroidManifest.xml:36:17-52
161                android:value="" />
161-->src\main\AndroidManifest.xml:37:17-33
162        </activity>
163        <activity
164            android:name="com.example.j_idetect.CERT"
164-->src\main\AndroidManifest.xml:148:13-33
165            android:authorities="com.example.j_idetect.provider"
165-->src\main\AndroidManifest.xml:152:13-60
166            android:exported="false"
166-->src\main\AndroidManifest.xml:149:13-37
167            android:screenOrientation="portrait"
167-->src\main\AndroidManifest.xml:150:13-49
168            android:theme="@style/Theme.AppCompat.Light.NoActionBar" >
168-->src\main\AndroidManifest.xml:151:13-69
169            <meta-data
169-->src\main\AndroidManifest.xml:35:13-37:36
170                android:name="android.app.lib_name"
170-->src\main\AndroidManifest.xml:36:17-52
171                android:resource="@xml/provider_paths"
171-->src\main\AndroidManifest.xml:156:17-55
172                android:value="" />
172-->src\main\AndroidManifest.xml:37:17-33
173        </activity>
174        <activity
174-->src\main\AndroidManifest.xml:158:9-165:20
175            android:name="com.example.j_idetect.TEST0210"
175-->src\main\AndroidManifest.xml:159:13-37
176            android:exported="false"
176-->src\main\AndroidManifest.xml:160:13-37
177            android:screenOrientation="portrait" >
177-->src\main\AndroidManifest.xml:161:13-49
178            <meta-data
178-->src\main\AndroidManifest.xml:35:13-37:36
179                android:name="android.app.lib_name"
179-->src\main\AndroidManifest.xml:36:17-52
180                android:value="" />
180-->src\main\AndroidManifest.xml:37:17-33
181        </activity>
182        <activity
182-->src\main\AndroidManifest.xml:166:9-173:20
183            android:name="com.example.j_idetect.TEST029"
183-->src\main\AndroidManifest.xml:167:13-36
184            android:exported="false"
184-->src\main\AndroidManifest.xml:168:13-37
185            android:screenOrientation="portrait" >
185-->src\main\AndroidManifest.xml:169:13-49
186            <meta-data
186-->src\main\AndroidManifest.xml:35:13-37:36
187                android:name="android.app.lib_name"
187-->src\main\AndroidManifest.xml:36:17-52
188                android:value="" />
188-->src\main\AndroidManifest.xml:37:17-33
189        </activity>
190        <activity
190-->src\main\AndroidManifest.xml:174:9-181:20
191            android:name="com.example.j_idetect.TEST028"
191-->src\main\AndroidManifest.xml:175:13-36
192            android:exported="false"
192-->src\main\AndroidManifest.xml:176:13-37
193            android:screenOrientation="portrait" >
193-->src\main\AndroidManifest.xml:177:13-49
194            <meta-data
194-->src\main\AndroidManifest.xml:35:13-37:36
195                android:name="android.app.lib_name"
195-->src\main\AndroidManifest.xml:36:17-52
196                android:value="" />
196-->src\main\AndroidManifest.xml:37:17-33
197        </activity>
198        <activity
198-->src\main\AndroidManifest.xml:182:9-189:20
199            android:name="com.example.j_idetect.TEST027"
199-->src\main\AndroidManifest.xml:183:13-36
200            android:exported="false"
200-->src\main\AndroidManifest.xml:184:13-37
201            android:screenOrientation="portrait" >
201-->src\main\AndroidManifest.xml:185:13-49
202            <meta-data
202-->src\main\AndroidManifest.xml:35:13-37:36
203                android:name="android.app.lib_name"
203-->src\main\AndroidManifest.xml:36:17-52
204                android:value="" />
204-->src\main\AndroidManifest.xml:37:17-33
205        </activity>
206        <activity
206-->src\main\AndroidManifest.xml:190:9-197:20
207            android:name="com.example.j_idetect.TEST026"
207-->src\main\AndroidManifest.xml:191:13-36
208            android:exported="false"
208-->src\main\AndroidManifest.xml:192:13-37
209            android:screenOrientation="portrait" >
209-->src\main\AndroidManifest.xml:193:13-49
210            <meta-data
210-->src\main\AndroidManifest.xml:35:13-37:36
211                android:name="android.app.lib_name"
211-->src\main\AndroidManifest.xml:36:17-52
212                android:value="" />
212-->src\main\AndroidManifest.xml:37:17-33
213        </activity>
214        <activity
214-->src\main\AndroidManifest.xml:198:9-205:20
215            android:name="com.example.j_idetect.TEST025"
215-->src\main\AndroidManifest.xml:199:13-36
216            android:exported="false"
216-->src\main\AndroidManifest.xml:200:13-37
217            android:screenOrientation="portrait" >
217-->src\main\AndroidManifest.xml:201:13-49
218            <meta-data
218-->src\main\AndroidManifest.xml:35:13-37:36
219                android:name="android.app.lib_name"
219-->src\main\AndroidManifest.xml:36:17-52
220                android:value="" />
220-->src\main\AndroidManifest.xml:37:17-33
221        </activity>
222        <activity
222-->src\main\AndroidManifest.xml:206:9-213:20
223            android:name="com.example.j_idetect.TEST024"
223-->src\main\AndroidManifest.xml:207:13-36
224            android:exported="false"
224-->src\main\AndroidManifest.xml:208:13-37
225            android:screenOrientation="portrait" >
225-->src\main\AndroidManifest.xml:209:13-49
226            <meta-data
226-->src\main\AndroidManifest.xml:35:13-37:36
227                android:name="android.app.lib_name"
227-->src\main\AndroidManifest.xml:36:17-52
228                android:value="" />
228-->src\main\AndroidManifest.xml:37:17-33
229        </activity>
230        <activity
230-->src\main\AndroidManifest.xml:214:9-221:20
231            android:name="com.example.j_idetect.TEST023"
231-->src\main\AndroidManifest.xml:215:13-36
232            android:exported="false"
232-->src\main\AndroidManifest.xml:216:13-37
233            android:screenOrientation="portrait" >
233-->src\main\AndroidManifest.xml:217:13-49
234            <meta-data
234-->src\main\AndroidManifest.xml:35:13-37:36
235                android:name="android.app.lib_name"
235-->src\main\AndroidManifest.xml:36:17-52
236                android:value="" />
236-->src\main\AndroidManifest.xml:37:17-33
237        </activity>
238        <activity
238-->src\main\AndroidManifest.xml:222:9-229:20
239            android:name="com.example.j_idetect.TEST022"
239-->src\main\AndroidManifest.xml:223:13-36
240            android:exported="false"
240-->src\main\AndroidManifest.xml:224:13-37
241            android:screenOrientation="portrait" >
241-->src\main\AndroidManifest.xml:225:13-49
242            <meta-data
242-->src\main\AndroidManifest.xml:35:13-37:36
243                android:name="android.app.lib_name"
243-->src\main\AndroidManifest.xml:36:17-52
244                android:value="" />
244-->src\main\AndroidManifest.xml:37:17-33
245        </activity>
246        <activity
246-->src\main\AndroidManifest.xml:230:9-237:20
247            android:name="com.example.j_idetect.TEST021"
247-->src\main\AndroidManifest.xml:231:13-36
248            android:exported="false"
248-->src\main\AndroidManifest.xml:232:13-37
249            android:screenOrientation="portrait" >
249-->src\main\AndroidManifest.xml:233:13-49
250            <meta-data
250-->src\main\AndroidManifest.xml:35:13-37:36
251                android:name="android.app.lib_name"
251-->src\main\AndroidManifest.xml:36:17-52
252                android:value="" />
252-->src\main\AndroidManifest.xml:37:17-33
253        </activity>
254        <activity
254-->src\main\AndroidManifest.xml:238:9-246:20
255            android:name="com.example.j_idetect.TEST02"
255-->src\main\AndroidManifest.xml:239:13-35
256            android:exported="false"
256-->src\main\AndroidManifest.xml:240:13-37
257            android:screenOrientation="portrait"
257-->src\main\AndroidManifest.xml:241:13-49
258            android:theme="@style/Theme.AppCompat.Light.NoActionBar" >
258-->src\main\AndroidManifest.xml:242:13-69
259            <meta-data
259-->src\main\AndroidManifest.xml:35:13-37:36
260                android:name="android.app.lib_name"
260-->src\main\AndroidManifest.xml:36:17-52
261                android:value="" />
261-->src\main\AndroidManifest.xml:37:17-33
262        </activity>
263        <activity
263-->src\main\AndroidManifest.xml:247:9-254:20
264            android:name="com.example.j_idetect.TEST0110"
264-->src\main\AndroidManifest.xml:248:13-37
265            android:exported="false"
265-->src\main\AndroidManifest.xml:249:13-37
266            android:screenOrientation="portrait" >
266-->src\main\AndroidManifest.xml:250:13-49
267            <meta-data
267-->src\main\AndroidManifest.xml:35:13-37:36
268                android:name="android.app.lib_name"
268-->src\main\AndroidManifest.xml:36:17-52
269                android:value="" />
269-->src\main\AndroidManifest.xml:37:17-33
270        </activity>
271        <activity
271-->src\main\AndroidManifest.xml:255:9-262:20
272            android:name="com.example.j_idetect.TEST019"
272-->src\main\AndroidManifest.xml:256:13-36
273            android:exported="false"
273-->src\main\AndroidManifest.xml:257:13-37
274            android:screenOrientation="portrait" >
274-->src\main\AndroidManifest.xml:258:13-49
275            <meta-data
275-->src\main\AndroidManifest.xml:35:13-37:36
276                android:name="android.app.lib_name"
276-->src\main\AndroidManifest.xml:36:17-52
277                android:value="" />
277-->src\main\AndroidManifest.xml:37:17-33
278        </activity>
279        <activity
279-->src\main\AndroidManifest.xml:263:9-270:20
280            android:name="com.example.j_idetect.TEST018"
280-->src\main\AndroidManifest.xml:264:13-36
281            android:exported="false"
281-->src\main\AndroidManifest.xml:265:13-37
282            android:screenOrientation="portrait" >
282-->src\main\AndroidManifest.xml:266:13-49
283            <meta-data
283-->src\main\AndroidManifest.xml:35:13-37:36
284                android:name="android.app.lib_name"
284-->src\main\AndroidManifest.xml:36:17-52
285                android:value="" />
285-->src\main\AndroidManifest.xml:37:17-33
286        </activity>
287        <activity
287-->src\main\AndroidManifest.xml:271:9-278:20
288            android:name="com.example.j_idetect.TEST017"
288-->src\main\AndroidManifest.xml:272:13-36
289            android:exported="false"
289-->src\main\AndroidManifest.xml:273:13-37
290            android:screenOrientation="portrait" >
290-->src\main\AndroidManifest.xml:274:13-49
291            <meta-data
291-->src\main\AndroidManifest.xml:35:13-37:36
292                android:name="android.app.lib_name"
292-->src\main\AndroidManifest.xml:36:17-52
293                android:value="" />
293-->src\main\AndroidManifest.xml:37:17-33
294        </activity>
295        <activity
295-->src\main\AndroidManifest.xml:279:9-286:20
296            android:name="com.example.j_idetect.TEST016"
296-->src\main\AndroidManifest.xml:280:13-36
297            android:exported="false"
297-->src\main\AndroidManifest.xml:281:13-37
298            android:screenOrientation="portrait" >
298-->src\main\AndroidManifest.xml:282:13-49
299            <meta-data
299-->src\main\AndroidManifest.xml:35:13-37:36
300                android:name="android.app.lib_name"
300-->src\main\AndroidManifest.xml:36:17-52
301                android:value="" />
301-->src\main\AndroidManifest.xml:37:17-33
302        </activity>
303        <activity
303-->src\main\AndroidManifest.xml:287:9-294:20
304            android:name="com.example.j_idetect.TEST015"
304-->src\main\AndroidManifest.xml:288:13-36
305            android:exported="false"
305-->src\main\AndroidManifest.xml:289:13-37
306            android:screenOrientation="portrait" >
306-->src\main\AndroidManifest.xml:290:13-49
307            <meta-data
307-->src\main\AndroidManifest.xml:35:13-37:36
308                android:name="android.app.lib_name"
308-->src\main\AndroidManifest.xml:36:17-52
309                android:value="" />
309-->src\main\AndroidManifest.xml:37:17-33
310        </activity>
311        <activity
311-->src\main\AndroidManifest.xml:295:9-302:20
312            android:name="com.example.j_idetect.TEST014"
312-->src\main\AndroidManifest.xml:296:13-36
313            android:exported="false"
313-->src\main\AndroidManifest.xml:297:13-37
314            android:screenOrientation="portrait" >
314-->src\main\AndroidManifest.xml:298:13-49
315            <meta-data
315-->src\main\AndroidManifest.xml:35:13-37:36
316                android:name="android.app.lib_name"
316-->src\main\AndroidManifest.xml:36:17-52
317                android:value="" />
317-->src\main\AndroidManifest.xml:37:17-33
318        </activity>
319        <activity
319-->src\main\AndroidManifest.xml:303:9-310:20
320            android:name="com.example.j_idetect.TEST013"
320-->src\main\AndroidManifest.xml:304:13-36
321            android:exported="false"
321-->src\main\AndroidManifest.xml:305:13-37
322            android:screenOrientation="portrait" >
322-->src\main\AndroidManifest.xml:306:13-49
323            <meta-data
323-->src\main\AndroidManifest.xml:35:13-37:36
324                android:name="android.app.lib_name"
324-->src\main\AndroidManifest.xml:36:17-52
325                android:value="" />
325-->src\main\AndroidManifest.xml:37:17-33
326        </activity>
327        <activity
327-->src\main\AndroidManifest.xml:311:9-318:20
328            android:name="com.example.j_idetect.TEST012"
328-->src\main\AndroidManifest.xml:312:13-36
329            android:exported="false"
329-->src\main\AndroidManifest.xml:313:13-37
330            android:screenOrientation="portrait" >
330-->src\main\AndroidManifest.xml:314:13-49
331            <meta-data
331-->src\main\AndroidManifest.xml:35:13-37:36
332                android:name="android.app.lib_name"
332-->src\main\AndroidManifest.xml:36:17-52
333                android:value="" />
333-->src\main\AndroidManifest.xml:37:17-33
334        </activity>
335        <activity
335-->src\main\AndroidManifest.xml:319:9-326:20
336            android:name="com.example.j_idetect.TEST011"
336-->src\main\AndroidManifest.xml:320:13-36
337            android:exported="false"
337-->src\main\AndroidManifest.xml:321:13-37
338            android:screenOrientation="portrait" >
338-->src\main\AndroidManifest.xml:322:13-49
339            <meta-data
339-->src\main\AndroidManifest.xml:35:13-37:36
340                android:name="android.app.lib_name"
340-->src\main\AndroidManifest.xml:36:17-52
341                android:value="" />
341-->src\main\AndroidManifest.xml:37:17-33
342        </activity>
343        <activity
343-->src\main\AndroidManifest.xml:327:9-335:20
344            android:name="com.example.j_idetect.ForgetPass"
344-->src\main\AndroidManifest.xml:328:13-39
345            android:exported="false"
345-->src\main\AndroidManifest.xml:329:13-37
346            android:screenOrientation="portrait"
346-->src\main\AndroidManifest.xml:330:13-49
347            android:theme="@style/Theme.AppCompat.Light.NoActionBar" >
347-->src\main\AndroidManifest.xml:331:13-69
348            <meta-data
348-->src\main\AndroidManifest.xml:35:13-37:36
349                android:name="android.app.lib_name"
349-->src\main\AndroidManifest.xml:36:17-52
350                android:value="" />
350-->src\main\AndroidManifest.xml:37:17-33
351        </activity>
352        <activity
352-->src\main\AndroidManifest.xml:336:9-344:20
353            android:name="com.example.j_idetect.TEST01"
353-->src\main\AndroidManifest.xml:337:13-35
354            android:exported="false"
354-->src\main\AndroidManifest.xml:338:13-37
355            android:screenOrientation="portrait"
355-->src\main\AndroidManifest.xml:339:13-49
356            android:theme="@style/Theme.AppCompat.Light.NoActionBar" >
356-->src\main\AndroidManifest.xml:340:13-69
357            <meta-data
357-->src\main\AndroidManifest.xml:35:13-37:36
358                android:name="android.app.lib_name"
358-->src\main\AndroidManifest.xml:36:17-52
359                android:value="" />
359-->src\main\AndroidManifest.xml:37:17-33
360        </activity>
361        <activity
361-->src\main\AndroidManifest.xml:345:9-353:20
362            android:name="com.example.j_idetect.ACCOUNTpass"
362-->src\main\AndroidManifest.xml:346:13-40
363            android:exported="false"
363-->src\main\AndroidManifest.xml:347:13-37
364            android:screenOrientation="portrait"
364-->src\main\AndroidManifest.xml:348:13-49
365            android:theme="@style/Theme.AppCompat.Light.NoActionBar" >
365-->src\main\AndroidManifest.xml:349:13-69